2019-07-02 11:32:04.874  INFO 1552 --- [main] com.swpu.student.StudentApplication      : Starting StudentApplication on zhupengdeMacBook-Pro.local with PID 1552 (/workspace/repository/manager/target/classes started by zhupeng in /workspace/repository/manager)
2019-07-02 11:32:04.878  INFO 1552 --- [main] com.swpu.student.StudentApplication      : No active profile set, falling back to default profiles: default
2019-07-02 11:32:05.921  INFO 1552 --- [main] o.s.b.w.embedded.tomcat.TomcatWebServer  : Tomcat initialized with port(s): 80 (http)
2019-07-02 11:32:05.945  INFO 1552 --- [main] o.apache.catalina.core.StandardService   : Starting service [Tomcat]
2019-07-02 11:32:05.945  INFO 1552 --- [main] org.apache.catalina.core.StandardEngine  : Starting Servlet engine: [Apache Tomcat/9.0.21]
2019-07-02 11:32:06.037  INFO 1552 --- [main] o.a.c.c.C.[Tomcat].[localhost].[/swpu]   : Initializing Spring embedded WebApplicationContext
2019-07-02 11:32:06.037  INFO 1552 --- [main] o.s.web.context.ContextLoader            : Root WebApplicationContext: initialization completed in 1082 ms
2019-07-02 11:32:06.175  INFO 1552 --- [main] c.a.d.s.b.a.DruidDataSourceAutoConfigure : Init DruidDataSource
2019-07-02 11:32:06.891  INFO 1552 --- [main] com.alibaba.druid.pool.DruidDataSource   : {dataSource-1,wms} inited
2019-07-02 11:32:07.249  INFO 1552 --- [main] o.s.s.concurrent.ThreadPoolTaskExecutor  : Initializing ExecutorService 'applicationTaskExecutor'
2019-07-02 11:32:07.321  INFO 1552 --- [main] com.swpu.student.config.WebMvcConfig     : /workspace/repository/manager/avatar/
2019-07-02 11:32:07.482  INFO 1552 --- [main] o.s.b.w.embedded.tomcat.TomcatWebServer  : Tomcat started on port(s): 80 (http) with context path '/swpu'
2019-07-02 11:32:07.485  INFO 1552 --- [main] com.swpu.student.StudentApplication      : Started StudentApplication in 18.034 seconds (JVM running for 23.615)
2019-07-02 14:51:00.883  INFO 2004 --- [main] com.swpu.student.StudentApplication      : Starting StudentApplication on zhupengdeMacBook-Pro.local with PID 2004 (/workspace/repository/manager/target/classes started by zhupeng in /workspace/repository/manager)
2019-07-02 14:51:00.886  INFO 2004 --- [main] com.swpu.student.StudentApplication      : No active profile set, falling back to default profiles: default
2019-07-02 14:51:01.620  INFO 2004 --- [main] o.s.b.w.embedded.tomcat.TomcatWebServer  : Tomcat initialized with port(s): 80 (http)
2019-07-02 14:51:01.636  INFO 2004 --- [main] o.apache.catalina.core.StandardService   : Starting service [Tomcat]
2019-07-02 14:51:01.636  INFO 2004 --- [main] org.apache.catalina.core.StandardEngine  : Starting Servlet engine: [Apache Tomcat/9.0.21]
2019-07-02 14:51:01.701  INFO 2004 --- [main] o.a.c.c.C.[Tomcat].[localhost].[/swpu]   : Initializing Spring embedded WebApplicationContext
2019-07-02 14:51:01.702  INFO 2004 --- [main] o.s.web.context.ContextLoader            : Root WebApplicationContext: initialization completed in 754 ms
2019-07-02 14:51:01.795  INFO 2004 --- [main] c.a.d.s.b.a.DruidDataSourceAutoConfigure : Init DruidDataSource
2019-07-02 14:51:02.428  INFO 2004 --- [main] com.alibaba.druid.pool.DruidDataSource   : {dataSource-1,wms} inited
2019-07-02 14:51:02.695  INFO 2004 --- [main] o.s.s.concurrent.ThreadPoolTaskExecutor  : Initializing ExecutorService 'applicationTaskExecutor'
2019-07-02 14:51:02.749  INFO 2004 --- [main] com.swpu.student.config.WebMvcConfig     : /workspace/repository/manager/avatar/
2019-07-02 14:51:02.880  INFO 2004 --- [main] o.s.b.w.embedded.tomcat.TomcatWebServer  : Tomcat started on port(s): 80 (http) with context path '/swpu'
2019-07-02 14:51:02.883  INFO 2004 --- [main] com.swpu.student.StudentApplication      : Started StudentApplication in 17.284 seconds (JVM running for 22.68)
2019-07-02 17:25:59.759  INFO 2004 --- [http-nio-80-exec-1] o.a.c.c.C.[Tomcat].[localhost].[/swpu]   : Initializing Spring DispatcherServlet 'dispatcherServlet'
2019-07-02 17:25:59.762  INFO 2004 --- [http-nio-80-exec-1] o.s.web.servlet.DispatcherServlet        : Initializing Servlet 'dispatcherServlet'
2019-07-02 17:25:59.768  INFO 2004 --- [http-nio-80-exec-1] o.s.web.servlet.DispatcherServlet        : Completed initialization in 6 ms
